<?xml version="1.0" encoding="UTF-8"?>
<!-- Generated by org.testng.reporters.JUnitXMLReporter -->
<testsuite ignored="0" hostname="Khosruzs-MacBook-Pro.local" failures="0" tests="3" name="Default test" time="5.181" errors="0" timestamp="2025-10-13T00:42:30 EDT">
  <testcase classname="tests.LoginPageTest" name="validatePageTitle" time="0.018"/>
  <testcase classname="tests.LoginPageTest" name="loginWithValidCredentials" time="0.313"/>
  <testcase classname="tests.LoginPageTest" name="loginWithInvalidCredentials" time="0.389"/>
</testsuite> <!-- Default test -->
