<?xml version="1.0" encoding="UTF-8"?>
<!-- Generated by org.testng.reporters.JUnitXMLReporter -->
<testsuite ignored="3" hostname="Khosruzs-MacBook-Pro.local" failures="0" tests="1" name="Default test" time="2.401" errors="0" timestamp="2025-10-14T00:14:57 EDT">
  <testcase classname="tests.LoginPageTest" name="endToEndLoginWithValidCredentials" time="0.307"/>
  <testcase classname="tests.LoginPageTest" name="loginWithInvalidCredentials" time="0.0">
    <ignored/>
  </testcase> <!-- loginWithInvalidCredentials -->
  <testcase classname="tests.LoginPageTest" name="loginWithValidCredentials" time="0.0">
    <ignored/>
  </testcase> <!-- loginWithValidCredentials -->
  <testcase classname="tests.LoginPageTest" name="validatePageTitle" time="0.0">
    <ignored/>
  </testcase> <!-- validatePageTitle -->
</testsuite> <!-- Default test -->
