<?xml version="1.0" encoding="UTF-8"?>
<!-- Generated by org.testng.reporters.JUnitXMLReporter -->
<testsuite ignored="0" hostname="Khosruzs-MacBook-Pro.local" failures="1" tests="1" name="Website Tests" time="4.434" errors="0" timestamp="2025-01-03T23:19:56 EST">
  <testcase classname="tests.TextBoxTest" name="validateTextBoxInput" time="0.659">
    <failure type="java.lang.AssertionError" message="did not expect [khosruz zaman] but found [khosruz zaman]">
      <![CDATA[java.lang.AssertionError: did not expect [khosruz zaman] but found [khosruz zaman]
at pages.TextBoxPage.enterName(TextBoxPage.java:36)
at tests.TextBoxTest.validateTextBoxInput(TextBoxTest.java:37)
at java.base/java.util.ArrayList.forEach(ArrayList.java:1511)
... Removed 30 stack frames]]>
    </failure>
  </testcase> <!-- validateTextBoxInput -->
</testsuite> <!-- Website Tests -->
