<?xml version="1.0" encoding="UTF-8"?>
<!-- Generated by org.testng.reporters.JUnitXMLReporter -->
<testsuite ignored="0" hostname="Khosruzs-MacBook-Pro.local" failures="1" tests="1" name="Zsolution Automation Project" time="5.77" errors="0" timestamp="2025-01-04T15:45:06 EST">
  <testcase classname="tests.TextBoxTest" name="testTextBox" time="5.736">
    <failure type="java.lang.NullPointerException" message="Cannot invoke &amp;quot;org.openqa.selenium.TakesScreenshot.getScreenshotAs(org.openqa.selenium.OutputType)&amp;quot; because &amp;quot;this.driver&amp;quot; is null">
      <![CDATA[java.lang.NullPointerException: Cannot invoke "org.openqa.selenium.TakesScreenshot.getScreenshotAs(org.openqa.selenium.OutputType)" because "this.driver" is null
at listeners.TestListeners.takeScreenshot(TestListeners.java:70)
at listeners.TestListeners.attachScreenshot(TestListeners.java:56)
at listeners.TestListeners.onTestSuccess(TestListeners.java:45)
at java.base/java.util.ArrayList.forEach(ArrayList.java:1511)
... Removed 24 stack frames]]>
    </failure>
  </testcase> <!-- testTextBox -->
</testsuite> <!-- Zsolution Automation Project -->
