<?xml version="1.0" encoding="UTF-8"?>
<!-- Generated by org.testng.reporters.JUnitXMLReporter -->
<testsuite ignored="7" hostname="Khosruzs-MacBook-Pro.local" failures="0" tests="30" name="Regression Test Suite" time="27.413" errors="0" timestamp="2025-10-12T23:53:29 EDT">
  <testcase classname="tests.LoginPageTest" name="validatePageTitle" time="0.015"/>
  <testcase classname="tests.LoginPageTest" name="loginWithValidCredentials" time="0.167"/>
  <testcase classname="tests.LoginPageTest" name="loginWithInvalidCredentials" time="0.192"/>
  <testcase classname="tests.RadioButtonTest" name="selectMaleAge_18_25" time="0.167"/>
  <testcase classname="tests.RadioButtonTest" name="selectFemaleOption" time="0.153"/>
  <testcase classname="tests.TextBoxTest" name="testTextBox" time="0.265"/>
  <testcase classname="tests.CheckBoxTest" name="validatePageTitle" time="0.004"/>
  <testcase classname="tests.CheckBoxTest" name="testNavigateToCheckBoxMenu" time="0.012"/>
  <testcase classname="tests.CheckBoxTest" name="testSelectIndividualCheckBox" time="0.055"/>
  <testcase classname="tests.CheckBoxTest" name="testDeselectIndividualCheckBox" time="0.066"/>
  <testcase classname="tests.CheckBoxTest" name="testSelectEachCheckBoxes" time="12.378"/>
  <testcase classname="tests.CheckBoxTest" name="testDeselectAllCheckBoxes" time="0.087"/>
  <testcase classname="tests.DropdownTest" name="testSelectCountry" time="0.066"/>
  <testcase classname="tests.DropdownTest" name="testAllDropdownOptions" time="0.041"/>
  <testcase classname="tests.DropdownTest" name="testIsOptionPresentInCityDropdown" time="0.034"/>
  <testcase classname="tests.DropdownTest" name="testIsCountryDropdownMultiSelect" time="0.008"/>
  <testcase classname="tests.AlertsAndPopupTest" name="basicAlertHandling" time="0.049"/>
  <testcase classname="tests.AlertsAndPopupTest" name="confirmationAlertHandling" time="0.042"/>
  <testcase classname="tests.AlertsAndPopupTest" name="promptAlertHandling" time="0.067"/>
  <testcase classname="tests.WebTableTest" name="testRowCount" time="0.008"/>
  <testcase classname="tests.WebTableTest" name="testFetchAndPrintData" time="0.215"/>
  <testcase classname="tests.WebTableTest" name="testSearchSpecificRecord" time="0.172"/>
  <testcase classname="tests.WebTableTest" name="testAddNewRecordAndSearch" time="0.263"/>
  <testcase classname="tests.WebTableTest" name="testDeleteRecord" time="0.296"/>
  <testcase classname="tests.WebTableTest" name="testFilterByLocation" time="0.087"/>
  <testcase classname="tests.WebTableTest" name="testDynamicRoleValidation" time="0.037"/>
  <testcase classname="tests.IFrameTest" name="testIFrame1Content" time="0.044"/>
  <testcase classname="tests.IFrameTest" name="testIFrame2Content" time="0.035"/>
  <testcase classname="tests.IFrameTest" name="testSwitchBetweenIFrames" time="2.075"/>
  <testcase classname="tests.IFrameTest" name="testVerifyIFrameContentPresence" time="0.055"/>
  <testcase classname="base.BaseTest" name="@BeforeSuite setupExtentReport" time="0.0">
    <ignored/>
  </testcase> <!-- @BeforeSuite setupExtentReport -->
  <testcase classname="base.BaseTest" name="@BeforeSuite setupExtentReport" time="0.0">
    <ignored/>
  </testcase> <!-- @BeforeSuite setupExtentReport -->
  <testcase classname="base.BaseTest" name="@BeforeSuite setupExtentReport" time="0.0">
    <ignored/>
  </testcase> <!-- @BeforeSuite setupExtentReport -->
  <testcase classname="base.BaseTest" name="@BeforeSuite setupExtentReport" time="0.0">
    <ignored/>
  </testcase> <!-- @BeforeSuite setupExtentReport -->
  <testcase classname="base.BaseTest" name="@BeforeSuite setupExtentReport" time="0.0">
    <ignored/>
  </testcase> <!-- @BeforeSuite setupExtentReport -->
  <testcase classname="base.BaseTest" name="@BeforeSuite setupExtentReport" time="0.0">
    <ignored/>
  </testcase> <!-- @BeforeSuite setupExtentReport -->
  <testcase classname="base.BaseTest" name="@BeforeSuite setupExtentReport" time="0.0">
    <ignored/>
  </testcase> <!-- @BeforeSuite setupExtentReport -->
</testsuite> <!-- Regression Test Suite -->
