<?xml version="1.0" encoding="UTF-8"?>
<!-- Generated by org.testng.reporters.JUnitXMLReporter -->
<testsuite ignored="7" hostname="Khosruzs-MacBook-Pro.local" failures="0" tests="30" name="Regression Test Suite" time="27.488" errors="0" timestamp="2025-10-08T00:46:54 EDT">
  <testcase classname="tests.LoginPageTest" name="validatePageTitle" time="0.018"/>
  <testcase classname="tests.LoginPageTest" name="loginWithValidCredentials" time="0.221"/>
  <testcase classname="tests.LoginPageTest" name="loginWithInvalidCredentials" time="0.207"/>
  <testcase classname="tests.RadioButtonTest" name="selectMaleAge_18_25" time="0.139"/>
  <testcase classname="tests.RadioButtonTest" name="selectFemaleOption" time="0.138"/>
  <testcase classname="tests.TextBoxTest" name="testTextBox" time="0.264"/>
  <testcase classname="tests.CheckBoxTest" name="validatePageTitle" time="0.003"/>
  <testcase classname="tests.CheckBoxTest" name="testNavigateToCheckBoxMenu" time="0.011"/>
  <testcase classname="tests.CheckBoxTest" name="testSelectIndividualCheckBox" time="0.054"/>
  <testcase classname="tests.CheckBoxTest" name="testDeselectIndividualCheckBox" time="0.065"/>
  <testcase classname="tests.CheckBoxTest" name="testSelectEachCheckBoxes" time="12.357"/>
  <testcase classname="tests.CheckBoxTest" name="testDeselectAllCheckBoxes" time="0.104"/>
  <testcase classname="tests.DropdownTest" name="testSelectCountry" time="0.074"/>
  <testcase classname="tests.DropdownTest" name="testAllDropdownOptions" time="0.034"/>
  <testcase classname="tests.DropdownTest" name="testIsOptionPresentInCityDropdown" time="0.036"/>
  <testcase classname="tests.DropdownTest" name="testIsCountryDropdownMultiSelect" time="0.008"/>
  <testcase classname="tests.AlertsAndPopupTest" name="basicAlertHandling" time="0.052"/>
  <testcase classname="tests.AlertsAndPopupTest" name="confirmationAlertHandling" time="0.045"/>
  <testcase classname="tests.AlertsAndPopupTest" name="promptAlertHandling" time="0.072"/>
  <testcase classname="tests.WebTableTest" name="testRowCount" time="0.006"/>
  <testcase classname="tests.WebTableTest" name="testFetchAndPrintData" time="0.238"/>
  <testcase classname="tests.WebTableTest" name="testSearchSpecificRecord" time="0.188"/>
  <testcase classname="tests.WebTableTest" name="testAddNewRecordAndSearch" time="0.261"/>
  <testcase classname="tests.WebTableTest" name="testDeleteRecord" time="0.317"/>
  <testcase classname="tests.WebTableTest" name="testFilterByLocation" time="0.088"/>
  <testcase classname="tests.WebTableTest" name="testDynamicRoleValidation" time="0.04"/>
  <testcase classname="tests.IFrameTest" name="testIFrame1Content" time="0.044"/>
  <testcase classname="tests.IFrameTest" name="testIFrame2Content" time="0.032"/>
  <testcase classname="tests.IFrameTest" name="testSwitchBetweenIFrames" time="2.073"/>
  <testcase classname="tests.IFrameTest" name="testVerifyIFrameContentPresence" time="0.053"/>
  <testcase classname="base.BaseTest" name="@BeforeSuite setupExtentReport" time="0.0">
    <ignored/>
  </testcase> <!-- @BeforeSuite setupExtentReport -->
  <testcase classname="base.BaseTest" name="@BeforeSuite setupExtentReport" time="0.0">
    <ignored/>
  </testcase> <!-- @BeforeSuite setupExtentReport -->
  <testcase classname="base.BaseTest" name="@BeforeSuite setupExtentReport" time="0.0">
    <ignored/>
  </testcase> <!-- @BeforeSuite setupExtentReport -->
  <testcase classname="base.BaseTest" name="@BeforeSuite setupExtentReport" time="0.0">
    <ignored/>
  </testcase> <!-- @BeforeSuite setupExtentReport -->
  <testcase classname="base.BaseTest" name="@BeforeSuite setupExtentReport" time="0.0">
    <ignored/>
  </testcase> <!-- @BeforeSuite setupExtentReport -->
  <testcase classname="base.BaseTest" name="@BeforeSuite setupExtentReport" time="0.0">
    <ignored/>
  </testcase> <!-- @BeforeSuite setupExtentReport -->
  <testcase classname="base.BaseTest" name="@BeforeSuite setupExtentReport" time="0.0">
    <ignored/>
  </testcase> <!-- @BeforeSuite setupExtentReport -->
</testsuite> <!-- Regression Test Suite -->
