<?xml version="1.0" encoding="UTF-8"?>
<testng-results ignored="3" total="4" passed="1" failed="0" skipped="0">
  <reporter-output>
  </reporter-output>
  <suite started-at="2025-10-20T23:32:17 EDT" name="Default suite" finished-at="2025-10-20T23:32:19 EDT" duration-ms="1550">
    <groups>
    </groups>
    <test started-at="2025-10-20T23:32:17 EDT" name="Default test" finished-at="2025-10-20T23:32:19 EDT" duration-ms="1550">
      <class name="tests.IFrameTest">
        <test-method is-config="true" signature="setupExtentReport()[pri:0, instance:tests.IFrameTest@33bc72d1]" started-at="2025-10-20T23:32:17 EDT" name="setupExtentReport" finished-at="2025-10-20T23:32:17 EDT" duration-ms="91" status="PASS">
          <reporter-output>
          </reporter-output>
        </test-method> <!-- setupExtentReport -->
        <test-method is-config="true" signature="setUpClass()[pri:0, instance:tests.IFrameTest@33bc72d1]" started-at="2025-10-20T23:32:17 EDT" name="setUpClass" finished-at="2025-10-20T23:32:18 EDT" duration-ms="1327" status="PASS">
          <reporter-output>
          </reporter-output>
        </test-method> <!-- setUpClass -->
        <test-method is-config="true" signature="initExtentForClass()[pri:0, instance:tests.IFrameTest@33bc72d1]" started-at="2025-10-20T23:32:17 EDT" name="initExtentForClass" finished-at="2025-10-20T23:32:17 EDT" duration-ms="0" status="PASS">
          <reporter-output>
          </reporter-output>
        </test-method> <!-- initExtentForClass -->
        <test-method is-config="true" signature="navigateToIFrameMenu()[pri:0, instance:tests.IFrameTest@33bc72d1]" started-at="2025-10-20T23:32:18 EDT" name="navigateToIFrameMenu" finished-at="2025-10-20T23:32:18 EDT" duration-ms="38" status="PASS">
          <reporter-output>
          </reporter-output>
        </test-method> <!-- navigateToIFrameMenu -->
        <test-method signature="testIFrame2Content()[pri:2, instance:tests.IFrameTest@33bc72d1]" started-at="2025-10-20T23:32:18 EDT" name="testIFrame2Content" finished-at="2025-10-20T23:32:18 EDT" duration-ms="56" status="PASS">
          <reporter-output>
          </reporter-output>
        </test-method> <!-- testIFrame2Content -->
        <test-method is-config="true" signature="handleTestResult(org.testng.ITestResult)[pri:0, instance:tests.IFrameTest@33bc72d1]" started-at="2025-10-20T23:32:18 EDT" name="handleTestResult" finished-at="2025-10-20T23:32:18 EDT" duration-ms="1" status="PASS">
          <params>
            <param index="0">
              <value>
                <![CDATA[[TestResult name=testIFrame2Content status=SUCCESS method=IFrameTest.testIFrame2Content()[pri:2, instance:tests.IFrameTest@33bc72d1] output={null}]]]>
              </value>
            </param>
          </params>
          <reporter-output>
          </reporter-output>
        </test-method> <!-- handleTestResult -->
        <test-method is-config="true" signature="tearDownClass()[pri:0, instance:tests.IFrameTest@33bc72d1]" started-at="2025-10-20T23:32:18 EDT" name="tearDownClass" finished-at="2025-10-20T23:32:19 EDT" duration-ms="111" status="PASS">
          <reporter-output>
          </reporter-output>
        </test-method> <!-- tearDownClass -->
        <test-method is-config="true" signature="tearDownAllDrivers()[pri:0, instance:tests.IFrameTest@33bc72d1]" started-at="2025-10-20T23:32:19 EDT" name="tearDownAllDrivers" finished-at="2025-10-20T23:32:19 EDT" duration-ms="0" status="PASS">
          <reporter-output>
          </reporter-output>
        </test-method> <!-- tearDownAllDrivers -->
      </class> <!-- tests.IFrameTest -->
    </test> <!-- Default test -->
  </suite> <!-- Default suite -->
</testng-results>
