<?xml version="1.0" encoding="UTF-8"?>
<testng-results ignored="3" total="4" passed="1" failed="0" skipped="0">
  <reporter-output>
  </reporter-output>
  <suite started-at="2025-10-14T00:14:54 EDT" name="Default suite" finished-at="2025-10-14T00:14:57 EDT" duration-ms="2401">
    <groups>
    </groups>
    <test started-at="2025-10-14T00:14:54 EDT" name="Default test" finished-at="2025-10-14T00:14:57 EDT" duration-ms="2401">
      <class name="tests.LoginPageTest">
        <test-method is-config="true" signature="setupExtentReport()[pri:0, instance:tests.LoginPageTest@35dab4eb]" started-at="2025-10-14T00:14:54 EDT" name="setupExtentReport" finished-at="2025-10-14T00:14:54 EDT" duration-ms="117" status="PASS">
          <reporter-output>
          </reporter-output>
        </test-method> <!-- setupExtentReport -->
        <test-method is-config="true" signature="initExtentForClass()[pri:0, instance:tests.LoginPageTest@35dab4eb]" started-at="2025-10-14T00:14:54 EDT" name="initExtentForClass" finished-at="2025-10-14T00:14:54 EDT" duration-ms="0" status="PASS">
          <reporter-output>
          </reporter-output>
        </test-method> <!-- initExtentForClass -->
        <test-method is-config="true" signature="setUp()[pri:0, instance:tests.LoginPageTest@35dab4eb]" started-at="2025-10-14T00:14:54 EDT" name="setUp" finished-at="2025-10-14T00:14:56 EDT" duration-ms="1908" status="PASS">
          <reporter-output>
          </reporter-output>
        </test-method> <!-- setUp -->
        <test-method signature="endToEndLoginWithValidCredentials()[pri:3, instance:tests.LoginPageTest@35dab4eb]" started-at="2025-10-14T00:14:56 EDT" name="endToEndLoginWithValidCredentials" finished-at="2025-10-14T00:14:57 EDT" duration-ms="307" status="PASS">
          <reporter-output>
          </reporter-output>
        </test-method> <!-- endToEndLoginWithValidCredentials -->
        <test-method is-config="true" signature="closeBrowser()[pri:0, instance:tests.LoginPageTest@35dab4eb]" started-at="2025-10-14T00:14:57 EDT" name="closeBrowser" finished-at="2025-10-14T00:14:57 EDT" duration-ms="115" status="PASS">
          <reporter-output>
          </reporter-output>
        </test-method> <!-- closeBrowser -->
        <test-method is-config="true" signature="handleTestResult(org.testng.ITestResult)[pri:0, instance:tests.LoginPageTest@35dab4eb]" started-at="2025-10-14T00:14:57 EDT" name="handleTestResult" finished-at="2025-10-14T00:14:57 EDT" duration-ms="1" status="PASS">
          <params>
            <param index="0">
              <value>
                <![CDATA[[TestResult name=endToEndLoginWithValidCredentials status=SUCCESS method=LoginPageTest.endToEndLoginWithValidCredentials()[pri:3, instance:tests.LoginPageTest@35dab4eb] output={null}]]]>
              </value>
            </param>
          </params>
          <reporter-output>
          </reporter-output>
        </test-method> <!-- handleTestResult -->
        <test-method is-config="true" signature="tearDownAllDrivers()[pri:0, instance:tests.LoginPageTest@35dab4eb]" started-at="2025-10-14T00:14:57 EDT" name="tearDownAllDrivers" finished-at="2025-10-14T00:14:57 EDT" duration-ms="56" status="PASS">
          <reporter-output>
          </reporter-output>
        </test-method> <!-- tearDownAllDrivers -->
      </class> <!-- tests.LoginPageTest -->
    </test> <!-- Default test -->
  </suite> <!-- Default suite -->
</testng-results>
