<?xml version="1.0" encoding="UTF-8"?>
<testng-results ignored="6" total="7" passed="1" failed="0" skipped="0">
  <reporter-output>
  </reporter-output>
  <suite started-at="2025-10-07T23:50:10 EDT" name="Default suite" finished-at="2025-10-07T23:50:12 EDT" duration-ms="2486">
    <groups>
    </groups>
    <test started-at="2025-10-07T23:50:10 EDT" name="Default test" finished-at="2025-10-07T23:50:12 EDT" duration-ms="2486">
      <class name="tests.WebTableTest">
        <test-method is-config="true" signature="setupExtentReport()[pri:0, instance:tests.WebTableTest@273444fe]" started-at="2025-10-07T23:50:10 EDT" name="setupExtentReport" finished-at="2025-10-07T23:50:10 EDT" duration-ms="97" status="PASS">
          <reporter-output>
          </reporter-output>
        </test-method> <!-- setupExtentReport -->
        <test-method is-config="true" signature="setUpClass()[pri:0, instance:tests.WebTableTest@273444fe]" started-at="2025-10-07T23:50:10 EDT" name="setUpClass" finished-at="2025-10-07T23:50:12 EDT" duration-ms="2247" status="PASS">
          <reporter-output>
          </reporter-output>
        </test-method> <!-- setUpClass -->
        <test-method is-config="true" signature="initExtentForClass()[pri:0, instance:tests.WebTableTest@273444fe]" started-at="2025-10-07T23:50:10 EDT" name="initExtentForClass" finished-at="2025-10-07T23:50:10 EDT" duration-ms="0" status="PASS">
          <reporter-output>
          </reporter-output>
        </test-method> <!-- initExtentForClass -->
        <test-method signature="testFilterByLocation()[pri:6, instance:tests.WebTableTest@273444fe]" started-at="2025-10-07T23:50:12 EDT" name="testFilterByLocation" finished-at="2025-10-07T23:50:12 EDT" duration-ms="115" status="PASS">
          <reporter-output>
          </reporter-output>
        </test-method> <!-- testFilterByLocation -->
        <test-method is-config="true" signature="handleTestResult(org.testng.ITestResult)[pri:0, instance:tests.WebTableTest@273444fe]" started-at="2025-10-07T23:50:12 EDT" name="handleTestResult" finished-at="2025-10-07T23:50:12 EDT" duration-ms="1" status="PASS">
          <params>
            <param index="0">
              <value>
                <![CDATA[[TestResult name=testFilterByLocation status=SUCCESS method=WebTableTest.testFilterByLocation()[pri:6, instance:tests.WebTableTest@273444fe] output={null}]]]>
              </value>
            </param>
          </params>
          <reporter-output>
          </reporter-output>
        </test-method> <!-- handleTestResult -->
        <test-method is-config="true" signature="tearDownClass()[pri:0, instance:tests.WebTableTest@273444fe]" started-at="2025-10-07T23:50:12 EDT" name="tearDownClass" finished-at="2025-10-07T23:50:12 EDT" duration-ms="110" status="PASS">
          <reporter-output>
          </reporter-output>
        </test-method> <!-- tearDownClass -->
        <test-method is-config="true" signature="tearDownAllDrivers()[pri:0, instance:tests.WebTableTest@273444fe]" started-at="2025-10-07T23:50:12 EDT" name="tearDownAllDrivers" finished-at="2025-10-07T23:50:12 EDT" duration-ms="1" status="PASS">
          <reporter-output>
          </reporter-output>
        </test-method> <!-- tearDownAllDrivers -->
      </class> <!-- tests.WebTableTest -->
    </test> <!-- Default test -->
  </suite> <!-- Default suite -->
</testng-results>
