<?xml version="1.0" encoding="UTF-8"?>
<!-- Generated by org.testng.reporters.JUnitReportReporter -->
<testsuite hostname="Khosruzs-MacBook-Pro.local" failures="0" tests="4" name="tests.LoginPageTest" time="3.736" errors="0" timestamp="2025-10-27T21:27:17 EDT" skipped="0">
  <testcase classname="tests.LoginPageTest" name="validatePageTitle" time="0.620"/>
  <system-out/>
  <testcase classname="tests.LoginPageTest" name="loginWithValidCredentials" time="0.797"/>
  <system-out/>
  <testcase classname="tests.LoginPageTest" name="loginWithInvalidCredentials" time="0.774"/>
  <system-out/>
  <testcase classname="tests.LoginPageTest" name="endToEndLoginWithValidCredentials" time="1.545"/>
  <system-out/>
</testsuite> <!-- tests.LoginPageTest -->
