<?xml version="1.0" encoding="UTF-8"?>
<!-- Generated by org.testng.reporters.JUnitReportReporter -->
<testsuite hostname="Khosruzs-MacBook-Pro.local" failures="0" tests="2" name="tests.RadioButtonTest" time="0.204" errors="0" timestamp="2025-10-27T21:27:17 EDT" skipped="0">
  <testcase classname="tests.RadioButtonTest" name="selectMaleAge_18_25" time="0.109"/>
  <system-out/>
  <testcase classname="tests.RadioButtonTest" name="selectFemaleOption" time="0.095"/>
  <system-out/>
</testsuite> <!-- tests.RadioButtonTest -->
