<?xml version="1.0" encoding="UTF-8"?>
<!-- Generated by org.testng.reporters.JUnitReportReporter -->
<testsuite hostname="Khosruzs-MacBook-Pro.local" failures="0" tests="3" name="tests.AlertsAndPopupTest" time="0.305" errors="0" timestamp="2025-10-27T21:27:17 EDT" skipped="0">
  <testcase classname="tests.AlertsAndPopupTest" name="basicAlertHandling" time="0.099"/>
  <system-out/>
  <testcase classname="tests.AlertsAndPopupTest" name="confirmationAlertHandling" time="0.102"/>
  <system-out/>
  <testcase classname="tests.AlertsAndPopupTest" name="promptAlertHandling" time="0.104"/>
  <system-out/>
</testsuite> <!-- tests.AlertsAndPopupTest -->
