<?xml version="1.0" encoding="UTF-8"?>
<!-- Generated by org.testng.reporters.JUnitXMLReporter -->
<testsuite ignored="0" hostname="Khosruzs-MacBook-Pro.local" failures="0" tests="6" name="Sanity Test" time="15.84" errors="0" timestamp="2025-10-07T13:16:59 EDT">
  <testcase classname="tests.CheckBoxTest" name="validatePageTitle" time="0.012"/>
  <testcase classname="tests.CheckBoxTest" name="testNavigateToCheckBoxMenu" time="0.021"/>
  <testcase classname="tests.CheckBoxTest" name="testSelectIndividualCheckBox" time="0.074"/>
  <testcase classname="tests.CheckBoxTest" name="testDeselectIndividualCheckBox" time="0.076"/>
  <testcase classname="tests.CheckBoxTest" name="testSelectEachCheckBoxes" time="12.353"/>
  <testcase classname="tests.CheckBoxTest" name="testDeselectAllCheckBoxes" time="0.112"/>
</testsuite> <!-- Sanity Test -->
