<?xml version="1.0" encoding="UTF-8"?>
<!-- Generated by org.testng.reporters.JUnitXMLReporter -->
<testsuite ignored="7" hostname="Khosruzs-MacBook-Pro.local" failures="0" tests="30" name="smock suit" time="33.261" errors="0" timestamp="2025-10-07T15:14:11 EDT">
  <testcase classname="tests.LoginPageTest" name="validatePageTitle" time="0.027"/>
  <testcase classname="tests.LoginPageTest" name="loginWithValidCredentials" time="0.291"/>
  <testcase classname="tests.LoginPageTest" name="loginWithInvalidCredentials" time="0.372"/>
  <testcase classname="tests.RadioButtonTest" name="selectMaleAge_18_25" time="0.304"/>
  <testcase classname="tests.RadioButtonTest" name="selectFemaleOption" time="0.265"/>
  <testcase classname="tests.TextBoxTest" name="testTextBox" time="0.515"/>
  <testcase classname="tests.CheckBoxTest" name="validatePageTitle" time="0.008"/>
  <testcase classname="tests.CheckBoxTest" name="testNavigateToCheckBoxMenu" time="0.014"/>
  <testcase classname="tests.CheckBoxTest" name="testSelectIndividualCheckBox" time="0.071"/>
  <testcase classname="tests.CheckBoxTest" name="testDeselectIndividualCheckBox" time="0.216"/>
  <testcase classname="tests.CheckBoxTest" name="testSelectEachCheckBoxes" time="12.396"/>
  <testcase classname="tests.CheckBoxTest" name="testDeselectAllCheckBoxes" time="0.104"/>
  <testcase classname="tests.DropdownTest" name="testSelectCountry" time="0.082"/>
  <testcase classname="tests.DropdownTest" name="testAllDropdownOptions" time="0.047"/>
  <testcase classname="tests.DropdownTest" name="testIsOptionPresentInCityDropdown" time="0.042"/>
  <testcase classname="tests.DropdownTest" name="testIsCountryDropdownMultiSelect" time="0.01"/>
  <testcase classname="tests.AlertsAndPopupTest" name="basicAlertHandling" time="0.073"/>
  <testcase classname="tests.AlertsAndPopupTest" name="confirmationAlertHandling" time="0.063"/>
  <testcase classname="tests.AlertsAndPopupTest" name="promptAlertHandling" time="0.106"/>
  <testcase classname="tests.WebTableTest" name="testRowCount" time="0.007"/>
  <testcase classname="tests.WebTableTest" name="testFetchAndPrintData" time="0.24"/>
  <testcase classname="tests.WebTableTest" name="testSearchSpecificRecord" time="0.181"/>
  <testcase classname="tests.WebTableTest" name="testAddNewRecordAndSearch" time="0.302"/>
  <testcase classname="tests.WebTableTest" name="testDeleteRecord" time="0.329"/>
  <testcase classname="tests.WebTableTest" name="testFilterByLocation" time="0.097"/>
  <testcase classname="tests.WebTableTest" name="testDynamicRoleValidation" time="0.041"/>
  <testcase classname="tests.IFrameTest" name="testIFrame1Content" time="0.052"/>
  <testcase classname="tests.IFrameTest" name="testIFrame2Content" time="0.038"/>
  <testcase classname="tests.IFrameTest" name="testSwitchBetweenIFrames" time="2.085"/>
  <testcase classname="tests.IFrameTest" name="testVerifyIFrameContentPresence" time="0.053"/>
  <testcase classname="base.BaseTest" name="@BeforeSuite setupExtentReport" time="0.0">
    <ignored/>
  </testcase> <!-- @BeforeSuite setupExtentReport -->
  <testcase classname="base.BaseTest" name="@BeforeSuite setupExtentReport" time="0.0">
    <ignored/>
  </testcase> <!-- @BeforeSuite setupExtentReport -->
  <testcase classname="base.BaseTest" name="@BeforeSuite setupExtentReport" time="0.0">
    <ignored/>
  </testcase> <!-- @BeforeSuite setupExtentReport -->
  <testcase classname="base.BaseTest" name="@BeforeSuite setupExtentReport" time="0.0">
    <ignored/>
  </testcase> <!-- @BeforeSuite setupExtentReport -->
  <testcase classname="base.BaseTest" name="@BeforeSuite setupExtentReport" time="0.0">
    <ignored/>
  </testcase> <!-- @BeforeSuite setupExtentReport -->
  <testcase classname="base.BaseTest" name="@BeforeSuite setupExtentReport" time="0.0">
    <ignored/>
  </testcase> <!-- @BeforeSuite setupExtentReport -->
  <testcase classname="base.BaseTest" name="@BeforeSuite setupExtentReport" time="0.0">
    <ignored/>
  </testcase> <!-- @BeforeSuite setupExtentReport -->
</testsuite> <!-- smock suit -->
