<?xml version="1.0" encoding="UTF-8"?>
<!-- Generated by org.testng.reporters.JUnitXMLReporter -->
<testsuite ignored="2" hostname="Khosruzs-MacBook-Pro.local" failures="0" tests="6" name="Smoke Suite" time="9.881" errors="0" timestamp="2025-10-06T15:40:39 EDT">
  <testcase classname="tests.LoginPageTest" name="validatePageTitle" time="0.035"/>
  <testcase classname="tests.LoginPageTest" name="loginWithValidCredentials" time="0.454"/>
  <testcase classname="tests.LoginPageTest" name="loginWithInvalidCredentials" time="0.416"/>
  <testcase classname="tests.RadioButtonTest" name="selectMaleAge_18_25" time="0.333"/>
  <testcase classname="tests.RadioButtonTest" name="selectFemaleOption" time="0.287"/>
  <testcase classname="tests.TextBoxTest" name="testTextBox" time="0.447"/>
  <testcase classname="base.BaseTest" name="@BeforeSuite setupExtentReport" time="0.0">
    <ignored/>
  </testcase> <!-- @BeforeSuite setupExtentReport -->
  <testcase classname="base.BaseTest" name="@BeforeSuite setupExtentReport" time="0.0">
    <ignored/>
  </testcase> <!-- @BeforeSuite setupExtentReport -->
</testsuite> <!-- Smoke Suite -->
